# JRE version: OpenJDK Runtime Environment Temurin-19.0.2+7 (19.0.2+7) (build 19.0.2+7)
# Java VM: OpenJDK 64-Bit Server VM Temurin-19.0.2+7 (19.0.2+7, mixed mode, sharing, tiered, compressed oops, compressed class ptrs, g1 gc, windows-amd64)
GC Precious Log:
 CardTable entry size: 512
 Card Set container configuration: InlinePtr #cards 5 size 8 Array Of Cards #cards 12 size 40 Howl #buckets 4 coarsen threshold 1843 Howl Bitmap #cards 512 size 80 coarsen threshold 460 Card regions per heap region 1 cards per card region 2048
 CPUs: 12 total, 12 available
 Memory: 7598M
 Large Page Support: Disabled
 NUMA Support: Disabled
 Compressed Oops: Enabled (32-bit)
 Heap Region Size: 1M
 Heap Min Capacity: 8M
 Heap Initial Capacity: 120M
 Heap Max Capacity: 1G
 Pre-touch: Disabled
 Parallel Workers: 10
 Concurrent Workers: 3
 Concurrent Refinement Workers: 10
 Periodic GC: Disabled
 String Deduplication is enabled
Heap:
 garbage-first heap   total 218112K, used 110135K [0x00000000c0000000, 0x0000000100000000)
  region size 1024K, 29 young (29696K), 2 survivors (2048K)
 Metaspace       used 28281K, committed 29120K, reserved 1114112K
  class space    used 2820K, committed 3200K, reserved 1048576K
GC Heap History (20 events):
Event: 36.992 GC heap before
{Heap before GC invocations=7 (full 0):
 garbage-first heap   total 92160K, used 71215K [0x00000000c0000000, 0x0000000100000000)
  region size 1024K, 46 young (47104K), 1 survivors (1024K)
 Metaspace       used 25852K, committed 26560K, reserved 1114112K
  class space    used 2626K, committed 2944K, reserved 1048576K
}
Event: 36.999 GC heap after
{Heap after GC invocations=8 (full 0):
 garbage-first heap   total 92160K, used 33891K [0x00000000c0000000, 0x0000000100000000)
  region size 1024K, 6 young (6144K), 6 survivors (6144K)
 Metaspace       used 25852K, committed 26560K, reserved 1114112K
  class space    used 2626K, committed 2944K, reserved 1048576K
}
Event: 37.015 GC heap before
{Heap before GC invocations=8 (full 0):
 garbage-first heap   total 92160K, used 34915K [0x00000000c0000000, 0x0000000100000000)
  region size 1024K, 7 young (7168K), 6 survivors (6144K)
 Metaspace       used 25852K, committed 26560K, reserved 1114112K
  class space    used 2626K, committed 2944K, reserved 1048576K
}
Event: 37.020 GC heap after
{Heap after GC invocations=9 (full 0):
 garbage-first heap   total 92160K, used 33806K [0x00000000c0000000, 0x0000000100000000)
  region size 1024K, 1 young (1024K), 1 survivors (1024K)
 Metaspace       used 25852K, committed 26560K, reserved 1114112K
  class space    used 2626K, committed 2944K, reserved 1048576K
}
Event: 37.513 GC heap before
{Heap before GC invocations=9 (full 0):
 garbage-first heap   total 92160K, used 63502K [0x00000000c0000000, 0x0000000100000000)
  region size 1024K, 31 young (31744K), 1 survivors (1024K)
 Metaspace       used 26137K, committed 26880K, reserved 1114112K
  class space    used 2643K, committed 3008K, reserved 1048576K
}
Event: 37.522 GC heap after
{Heap after GC invocations=10 (full 0):
 garbage-first heap   total 218112K, used 40019K [0x00000000c0000000, 0x0000000100000000)
  region size 1024K, 4 young (4096K), 4 survivors (4096K)
 Metaspace       used 26137K, committed 26880K, reserved 1114112K
  class space    used 2643K, committed 3008K, reserved 1048576K
}
Event: 39.599 GC heap before
{Heap before GC invocations=10 (full 0):
 garbage-first heap   total 218112K, used 139347K [0x00000000c0000000, 0x0000000100000000)
  region size 1024K, 96 young (98304K), 4 survivors (4096K)
 Metaspace       used 27085K, committed 27968K, reserved 1114112K
  class space    used 2727K, committed 3136K, reserved 1048576K
}
Event: 39.616 GC heap after
{Heap after GC invocations=11 (full 0):
 garbage-first heap   total 218112K, used 53919K [0x00000000c0000000, 0x0000000100000000)
  region size 1024K, 12 young (12288K), 12 survivors (12288K)
 Metaspace       used 27085K, committed 27968K, reserved 1114112K
  class space    used 2727K, committed 3136K, reserved 1048576K
}
Event: 41.651 GC heap before
{Heap before GC invocations=11 (full 0):
 garbage-first heap   total 218112K, used 149151K [0x00000000c0000000, 0x0000000100000000)
  region size 1024K, 100 young (102400K), 12 survivors (12288K)
 Metaspace       used 27411K, committed 28224K, reserved 1114112K
  class space    used 2750K, committed 3136K, reserved 1048576K
}
Event: 41.664 GC heap after
{Heap after GC invocations=12 (full 0):
 garbage-first heap   total 218112K, used 64200K [0x00000000c0000000, 0x0000000100000000)
  region size 1024K, 10 young (10240K), 10 survivors (10240K)
 Metaspace       used 27411K, committed 28224K, reserved 1114112K
  class space    used 2750K, committed 3136K, reserved 1048576K
}
Event: 41.727 GC heap before
{Heap before GC invocations=12 (full 0):
 garbage-first heap   total 218112K, used 151240K [0x00000000c0000000, 0x0000000100000000)
  region size 1024K, 95 young (97280K), 10 survivors (10240K)
 Metaspace       used 27411K, committed 28224K, reserved 1114112K
  class space    used 2750K, committed 3136K, reserved 1048576K
}
Event: 41.732 GC heap after
{Heap after GC invocations=13 (full 0):
 garbage-first heap   total 218112K, used 65695K [0x00000000c0000000, 0x0000000100000000)
  region size 1024K, 2 young (2048K), 2 survivors (2048K)
 Metaspace       used 27411K, committed 28224K, reserved 1114112K
  class space    used 2750K, committed 3136K, reserved 1048576K
}
Event: 41.797 GC heap before
{Heap before GC invocations=13 (full 0):
 garbage-first heap   total 218112K, used 160927K [0x00000000c0000000, 0x0000000100000000)
  region size 1024K, 96 young (98304K), 2 survivors (2048K)
 Metaspace       used 27411K, committed 28224K, reserved 1114112K
  class space    used 2750K, committed 3136K, reserved 1048576K
}
Event: 41.799 GC heap after
{Heap after GC invocations=14 (full 0):
 garbage-first heap   total 218112K, used 64914K [0x00000000c0000000, 0x0000000100000000)
  region size 1024K, 1 young (1024K), 1 survivors (1024K)
 Metaspace       used 27411K, committed 28224K, reserved 1114112K
  class space    used 2750K, committed 3136K, reserved 1048576K
}
Event: 41.962 GC heap before
{Heap before GC invocations=14 (full 0):
 garbage-first heap   total 218112K, used 172434K [0x00000000c0000000, 0x0000000100000000)
  region size 1024K, 76 young (77824K), 1 survivors (1024K)
 Metaspace       used 27417K, committed 28224K, reserved 1114112K
  class space    used 2750K, committed 3136K, reserved 1048576K
}
Event: 41.965 GC heap after
{Heap after GC invocations=15 (full 0):
 garbage-first heap   total 218112K, used 88032K [0x00000000c0000000, 0x0000000100000000)
  region size 1024K, 2 young (2048K), 2 survivors (2048K)
 Metaspace       used 27417K, committed 28224K, reserved 1114112K
  class space    used 2750K, committed 3136K, reserved 1048576K
}
Event: 292.779 GC heap before
{Heap before GC invocations=15 (full 0):
 garbage-first heap   total 218112K, used 184288K [0x00000000c0000000, 0x0000000100000000)
  region size 1024K, 87 young (89088K), 2 survivors (2048K)
 Metaspace       used 27651K, committed 28480K, reserved 1114112K
  class space    used 2758K, committed 3136K, reserved 1048576K
}
Event: 292.789 GC heap after
{Heap after GC invocations=16 (full 0):
 garbage-first heap   total 218112K, used 81197K [0x00000000c0000000, 0x0000000100000000)
  region size 1024K, 11 young (11264K), 11 survivors (11264K)
 Metaspace       used 27651K, committed 28480K, reserved 1114112K
  class space    used 2758K, committed 3136K, reserved 1048576K
}
Event: 724.822 GC heap before
{Heap before GC invocations=16 (full 0):
 garbage-first heap   total 218112K, used 165165K [0x00000000c0000000, 0x0000000100000000)
  region size 1024K, 94 young (96256K), 11 survivors (11264K)
 Metaspace       used 28268K, committed 29056K, reserved 1114112K
  class space    used 2819K, committed 3200K, reserved 1048576K
}
Event: 724.954 GC heap after
{Heap after GC invocations=17 (full 0):
 garbage-first heap   total 218112K, used 83511K [0x00000000c0000000, 0x0000000100000000)
  region size 1024K, 2 young (2048K), 2 survivors (2048K)
 Metaspace       used 28268K, committed 29056K, reserved 1114112K
  class space    used 2819K, committed 3200K, reserved 1048576K
}

